The system is: Windows - 10.0.19042 - AMD64
Compiling the C compiler identification source file "CMakeCCompilerId.c" succeeded.
Compiler:  
Build flags: 
Id flags:  

The output was:
0
Microsoft (R) Build Engine verze 16.8.2+25e4d540b pro .NET Framework
Copyright (C) Microsoft Corporation. Všechna práva vyhrazena.

Vytváření sestavení bylo zahájeno 19.12.2020 18:04:30.
Projekt C:\Users\jirka\Documents\GitHub\SteamVR-OpenHMD\build\CMakeFiles\3.18.4\CompilerIdC\CompilerIdC.vcxproj v uzlu 1 (výchozí cíle).
PrepareForBuild:
  Probíhá vytváření adresáře Debug\.
  Probíhá vytváření adresáře Debug\CompilerIdC.tlog\.
InitializeBuildStatus:
  Probíhá vytváření souboru Debug\CompilerIdC.tlog\unsuccessfulbuild v důsledku zadání AlwaysCreate.
ClCompile:
  C:\Program Files (x86)\Microsoft Visual Studio\2019\Community\VC\Tools\MSVC\14.28.29333\bin\HostX64\x64\CL.exe /c /nologo /W0 /WX- /diagnostics:column /Od /D _MBCS /Gm- /EHsc /RTC1 /MDd /GS /fp:precise /Zc:wchar_t /Zc:forScope /Zc:inline /Fo"Debug\\" /Fd"Debug\vc142.pdb" /Gd /TC /FC /errorReport:queue CMakeCCompilerId.c
  CMakeCCompilerId.c
Link:
  C:\Program Files (x86)\Microsoft Visual Studio\2019\Community\VC\Tools\MSVC\14.28.29333\bin\HostX64\x64\link.exe /ERRORREPORT:QUEUE /OUT:".\CompilerIdC.exe" /INCREMENTAL:NO /NOLOGO kernel32.lib user32.lib gdi32.lib winspool.lib comdlg32.lib advapi32.lib shell32.lib ole32.lib oleaut32.lib uuid.lib odbc32.lib odbccp32.lib /MANIFEST /MANIFESTUAC:"level='asInvoker' uiAccess='false'" /manifest:embed /PDB:".\CompilerIdC.pdb" /SUBSYSTEM:CONSOLE /TLBID:1 /DYNAMICBASE /NXCOMPAT /IMPLIB:".\CompilerIdC.lib" /MACHINE:X64 Debug\CMakeCCompilerId.obj
  CompilerIdC.vcxproj -> C:\Users\jirka\Documents\GitHub\SteamVR-OpenHMD\build\CMakeFiles\3.18.4\CompilerIdC\CompilerIdC.exe
PostBuildEvent:
  for %%i in (cl.exe) do @echo CMAKE_C_COMPILER=%%~$PATH:i
  :VCEnd
  CMAKE_C_COMPILER=C:\Program Files (x86)\Microsoft Visual Studio\2019\Community\VC\Tools\MSVC\14.28.29333\bin\Hostx64\x64\cl.exe
FinalizeBuildStatus:
  Probíhá odstraňování souboru Debug\CompilerIdC.tlog\unsuccessfulbuild.
  Probíhá aktualizace časového razítka pro Debug\CompilerIdC.tlog\CompilerIdC.lastbuildstate.
Sestavení projektu C:\Users\jirka\Documents\GitHub\SteamVR-OpenHMD\build\CMakeFiles\3.18.4\CompilerIdC\CompilerIdC.vcxproj (s výchozími cíli) bylo dokončeno.

Vytváření sestavení bylo úspěšně dokončeno.
    0 upozornění
    Počet chyb: 0

Uplynulý čas 00:00:01.11


Compilation of the C compiler identification source "CMakeCCompilerId.c" produced "CompilerIdC.exe"

Compilation of the C compiler identification source "CMakeCCompilerId.c" produced "CompilerIdC.vcxproj"

The C compiler identification is MSVC, found in "C:/Users/jirka/Documents/GitHub/SteamVR-OpenHMD/build/CMakeFiles/3.18.4/CompilerIdC/CompilerIdC.exe"

Compiling the CXX compiler identification source file "CMakeCXXCompilerId.cpp" succeeded.
Compiler:  
Build flags: 
Id flags:  

The output was:
0
Microsoft (R) Build Engine verze 16.8.2+25e4d540b pro .NET Framework
Copyright (C) Microsoft Corporation. Všechna práva vyhrazena.

Vytváření sestavení bylo zahájeno 19.12.2020 18:04:31.
Projekt C:\Users\jirka\Documents\GitHub\SteamVR-OpenHMD\build\CMakeFiles\3.18.4\CompilerIdCXX\CompilerIdCXX.vcxproj v uzlu 1 (výchozí cíle).
PrepareForBuild:
  Probíhá vytváření adresáře Debug\.
  Probíhá vytváření adresáře Debug\CompilerIdCXX.tlog\.
InitializeBuildStatus:
  Probíhá vytváření souboru Debug\CompilerIdCXX.tlog\unsuccessfulbuild v důsledku zadání AlwaysCreate.
ClCompile:
  C:\Program Files (x86)\Microsoft Visual Studio\2019\Community\VC\Tools\MSVC\14.28.29333\bin\HostX64\x64\CL.exe /c /nologo /W0 /WX- /diagnostics:column /Od /D _MBCS /Gm- /EHsc /RTC1 /MDd /GS /fp:precise /Zc:wchar_t /Zc:forScope /Zc:inline /Fo"Debug\\" /Fd"Debug\vc142.pdb" /Gd /TP /FC /errorReport:queue CMakeCXXCompilerId.cpp
  CMakeCXXCompilerId.cpp
Link:
  C:\Program Files (x86)\Microsoft Visual Studio\2019\Community\VC\Tools\MSVC\14.28.29333\bin\HostX64\x64\link.exe /ERRORREPORT:QUEUE /OUT:".\CompilerIdCXX.exe" /INCREMENTAL:NO /NOLOGO kernel32.lib user32.lib gdi32.lib winspool.lib comdlg32.lib advapi32.lib shell32.lib ole32.lib oleaut32.lib uuid.lib odbc32.lib odbccp32.lib /MANIFEST /MANIFESTUAC:"level='asInvoker' uiAccess='false'" /manifest:embed /PDB:".\CompilerIdCXX.pdb" /SUBSYSTEM:CONSOLE /TLBID:1 /DYNAMICBASE /NXCOMPAT /IMPLIB:".\CompilerIdCXX.lib" /MACHINE:X64 Debug\CMakeCXXCompilerId.obj
  CompilerIdCXX.vcxproj -> C:\Users\jirka\Documents\GitHub\SteamVR-OpenHMD\build\CMakeFiles\3.18.4\CompilerIdCXX\CompilerIdCXX.exe
PostBuildEvent:
  for %%i in (cl.exe) do @echo CMAKE_CXX_COMPILER=%%~$PATH:i
  :VCEnd
  CMAKE_CXX_COMPILER=C:\Program Files (x86)\Microsoft Visual Studio\2019\Community\VC\Tools\MSVC\14.28.29333\bin\Hostx64\x64\cl.exe
FinalizeBuildStatus:
  Probíhá odstraňování souboru Debug\CompilerIdCXX.tlog\unsuccessfulbuild.
  Probíhá aktualizace časového razítka pro Debug\CompilerIdCXX.tlog\CompilerIdCXX.lastbuildstate.
Sestavení projektu C:\Users\jirka\Documents\GitHub\SteamVR-OpenHMD\build\CMakeFiles\3.18.4\CompilerIdCXX\CompilerIdCXX.vcxproj (s výchozími cíli) bylo dokončeno.

Vytváření sestavení bylo úspěšně dokončeno.
    0 upozornění
    Počet chyb: 0

Uplynulý čas 00:00:00.72


Compilation of the CXX compiler identification source "CMakeCXXCompilerId.cpp" produced "CompilerIdCXX.exe"

Compilation of the CXX compiler identification source "CMakeCXXCompilerId.cpp" produced "CompilerIdCXX.vcxproj"

The CXX compiler identification is MSVC, found in "C:/Users/jirka/Documents/GitHub/SteamVR-OpenHMD/build/CMakeFiles/3.18.4/CompilerIdCXX/CompilerIdCXX.exe"

Detecting C compiler ABI info compiled with the following output:
Change Dir: C:/Users/jirka/Documents/GitHub/SteamVR-OpenHMD/build/CMakeFiles/CMakeTmp

Run Build Command(s):C:/Program Files (x86)/Microsoft Visual Studio/2019/Community/MSBuild/Current/Bin/MSBuild.exe cmTC_56485.vcxproj /p:Configuration=Debug /p:Platform=x64 /p:VisualStudioVersion=16.0 /v:m && Microsoft (R) Build Engine verze 16.8.2+25e4d540b pro .NET Framework
Copyright (C) Microsoft Corporation. Všechna práva vyhrazena.

  Optimalizující kompilátor C/C++ společnosti Microsoft (R) verze 19.28.29335 pro procesory x64
  Copyright (C) Microsoft Corporation. Všechna práva vyhrazena.
  CMakeCCompilerABI.c
  cl /c /Zi /W3 /WX- /diagnostics:column /Od /Ob0 /D WIN32 /D _WINDOWS /D "CMAKE_INTDIR=\"Debug\"" /D _MBCS /Gm- /RTC1 /MDd /GS /fp:precise /Zc:wchar_t /Zc:forScope /Zc:inline /Fo"cmTC_56485.dir\Debug\\" /Fd"cmTC_56485.dir\Debug\vc142.pdb" /Gd /TC /errorReport:queue "C:\Users\jirka\AppData\Local\Programs\Python\Python38\Lib\site-packages\cmake\data\share\cmake-3.18\Modules\CMakeCCompilerABI.c"
  cmTC_56485.vcxproj -> C:\Users\jirka\Documents\GitHub\SteamVR-OpenHMD\build\CMakeFiles\CMakeTmp\Debug\cmTC_56485.exe



Detecting CXX compiler ABI info compiled with the following output:
Change Dir: C:/Users/jirka/Documents/GitHub/SteamVR-OpenHMD/build/CMakeFiles/CMakeTmp

Run Build Command(s):C:/Program Files (x86)/Microsoft Visual Studio/2019/Community/MSBuild/Current/Bin/MSBuild.exe cmTC_11656.vcxproj /p:Configuration=Debug /p:Platform=x64 /p:VisualStudioVersion=16.0 /v:m && Microsoft (R) Build Engine verze 16.8.2+25e4d540b pro .NET Framework
Copyright (C) Microsoft Corporation. Všechna práva vyhrazena.

  Optimalizující kompilátor C/C++ společnosti Microsoft (R) verze 19.28.29335 pro procesory x64
  Copyright (C) Microsoft Corporation. Všechna práva vyhrazena.
  CMakeCXXCompilerABI.cpp
  cl /c /Zi /W3 /WX- /diagnostics:column /Od /Ob0 /D WIN32 /D _WINDOWS /D "CMAKE_INTDIR=\"Debug\"" /D _MBCS /Gm- /EHsc /RTC1 /MDd /GS /fp:precise /Zc:wchar_t /Zc:forScope /Zc:inline /GR /Fo"cmTC_11656.dir\Debug\\" /Fd"cmTC_11656.dir\Debug\vc142.pdb" /Gd /TP /errorReport:queue "C:\Users\jirka\AppData\Local\Programs\Python\Python38\Lib\site-packages\cmake\data\share\cmake-3.18\Modules\CMakeCXXCompilerABI.cpp"
  cmTC_11656.vcxproj -> C:\Users\jirka\Documents\GitHub\SteamVR-OpenHMD\build\CMakeFiles\CMakeTmp\Debug\cmTC_11656.exe



